<?xml version="1.0" encoding="UTF-8"?>
<coverage generated="1535370998872" clover="3.2.0">
  <project timestamp="1535370998872" name="All files">
    <metrics statements="2" coveredstatements="1" conditionals="0" coveredconditionals="0" methods="1" coveredmethods="0" elements="3" coveredelements="1" complexity="0" loc="2" ncloc="2" packages="1" files="1" classes="1">
      <file name="vending-machine.js" path="/Users/freddiegroom/Documents/Programming/RedAcademy/AppDev/CodingInterviewVendingMachine/src/vending-machine.js">
        <metrics statements="2" coveredstatements="1" conditionals="0" coveredconditionals="0" methods="1" coveredmethods="0"/>
        <line num="5" count="0" type="stmt"/>
        <line num="11" count="1" type="stmt"/>
      </file>
    </metrics>
  </project>
</coverage>
