<?xml version="1.0" encoding="UTF-8"?>
<coverage generated="1535033244881" clover="3.2.0">
  <project timestamp="1535033244881" name="All files">
    <metrics statements="1" coveredstatements="1" conditionals="0" coveredconditionals="0" methods="6" coveredmethods="0" elements="7" coveredelements="1" complexity="0" loc="1" ncloc="1" packages="1" files="1" classes="1">
      <file name="vending-machine.js" path="/Users/freddiegroom/Documents/Programming/RedAcademy/AppDev/CodingInterviewVendingMachine/src/vending-machine.js">
        <metrics statements="1" coveredstatements="1" conditionals="0" coveredconditionals="0" methods="6" coveredmethods="0"/>
        <line num="26" count="1" type="stmt"/>
      </file>
    </metrics>
  </project>
</coverage>
