{"/Users/freddiegroom/Documents/Programming/RedAcademy/AppDev/CodingInterviewVendingMachine/src/vending-machine.js": {"path":"/Users/freddiegroom/Documents/Programming/RedAcademy/AppDev/CodingInterviewVendingMachine/src/vending-machine.js","statementMap":{"0":{"start":{"line":5,"column":8},"end":{"line":5,"column":25}},"1":{"start":{"line":11,"column":0},"end":{"line":11,"column":32}}},"fnMap":{"0":{"name":"(anonymous_0)","decl":{"start":{"line":4,"column":4},"end":{"line":4,"column":5}},"loc":{"start":{"line":4,"column":16},"end":{"line":6,"column":5}},"line":4}},"branchMap":{},"s":{"0":0,"1":1},"f":{"0":0},"b":{},"_coverageSchema":"332fd63041d2c1bcb487cc26dd0d5f7d97098a6c","hash":"81361afee9a82a4ef3e60ef837ea2a2a5d49dee6"}
}
